{"/Users/j5/Code/deck-of-cards/src/card-sets/BaseCardSet.js": {"path":"/Users/j5/Code/deck-of-cards/src/card-sets/BaseCardSet.js","statementMap":{"0":{"start":{"line":5,"column":4},"end":{"line":9,"column":5}},"1":{"start":{"line":6,"column":6},"end":{"line":6,"column":38}},"2":{"start":{"line":8,"column":6},"end":{"line":8,"column":29}},"3":{"start":{"line":11,"column":4},"end":{"line":11,"column":37}},"4":{"start":{"line":16,"column":4},"end":{"line":16,"column":27}},"5":{"start":{"line":20,"column":4},"end":{"line":20,"column":31}},"6":{"start":{"line":24,"column":4},"end":{"line":24,"column":26}},"7":{"start":{"line":28,"column":4},"end":{"line":28,"column":35}}},"fnMap":{"0":{"name":"(anonymous_0)","decl":{"start":{"line":3,"column":2},"end":{"line":3,"column":3}},"loc":{"start":{"line":3,"column":26},"end":{"line":13,"column":3}},"line":3},"1":{"name":"(anonymous_1)","decl":{"start":{"line":15,"column":2},"end":{"line":15,"column":3}},"loc":{"start":{"line":15,"column":10},"end":{"line":17,"column":3}},"line":15},"2":{"name":"(anonymous_2)","decl":{"start":{"line":19,"column":2},"end":{"line":19,"column":3}},"loc":{"start":{"line":19,"column":14},"end":{"line":21,"column":3}},"line":19},"3":{"name":"(anonymous_3)","decl":{"start":{"line":23,"column":2},"end":{"line":23,"column":3}},"loc":{"start":{"line":23,"column":11},"end":{"line":25,"column":3}},"line":23},"4":{"name":"(anonymous_4)","decl":{"start":{"line":27,"column":2},"end":{"line":27,"column":3}},"loc":{"start":{"line":27,"column":14},"end":{"line":29,"column":3}},"line":27}},"branchMap":{"0":{"loc":{"start":{"line":5,"column":4},"end":{"line":9,"column":5}},"type":"if","locations":[{"start":{"line":5,"column":4},"end":{"line":9,"column":5}},{"start":{"line":5,"column":4},"end":{"line":9,"column":5}}],"line":5}},"s":{"0":8,"1":1,"2":7,"3":8,"4":2,"5":8,"6":3,"7":3},"f":{"0":8,"1":2,"2":8,"3":3,"4":3},"b":{"0":[1,7]},"_coverageSchema":"332fd63041d2c1bcb487cc26dd0d5f7d97098a6c","hash":"2ad8d5c139ec4495e6e065ffc7c2e7bb30a6350c"}
,"/Users/j5/Code/deck-of-cards/src/cards/BaseCard.js": {"path":"/Users/j5/Code/deck-of-cards/src/cards/BaseCard.js","statementMap":{"0":{"start":{"line":4,"column":4},"end":{"line":4,"column":35}}},"fnMap":{"0":{"name":"(anonymous_0)","decl":{"start":{"line":3,"column":2},"end":{"line":3,"column":3}},"loc":{"start":{"line":3,"column":28},"end":{"line":5,"column":3}},"line":3}},"branchMap":{},"s":{"0":377},"f":{"0":377},"b":{},"_coverageSchema":"332fd63041d2c1bcb487cc26dd0d5f7d97098a6c","hash":"0a5ba5e13a4f904665f00878a8b8c829d711494f"}
,"/Users/j5/Code/deck-of-cards/src/cards/FrenchPlayingCard.js": {"path":"/Users/j5/Code/deck-of-cards/src/cards/FrenchPlayingCard.js","statementMap":{"0":{"start":{"line":10,"column":4},"end":{"line":10,"column":12}},"1":{"start":{"line":12,"column":4},"end":{"line":12,"column":23}},"2":{"start":{"line":13,"column":4},"end":{"line":13,"column":31}},"3":{"start":{"line":14,"column":4},"end":{"line":16,"column":6}},"4":{"start":{"line":17,"column":4},"end":{"line":20,"column":6}},"5":{"start":{"line":21,"column":4},"end":{"line":21,"column":59}}},"fnMap":{"0":{"name":"(anonymous_0)","decl":{"start":{"line":9,"column":2},"end":{"line":9,"column":3}},"loc":{"start":{"line":9,"column":28},"end":{"line":22,"column":3}},"line":9}},"branchMap":{},"s":{"0":365,"1":365,"2":365,"3":365,"4":365,"5":365},"f":{"0":365},"b":{},"_coverageSchema":"332fd63041d2c1bcb487cc26dd0d5f7d97098a6c","hash":"26f1311adf3d872dbbe0fc1db0cb166073e71fd0"}
,"/Users/j5/Code/deck-of-cards/src/cards/Suits.js": {"path":"/Users/j5/Code/deck-of-cards/src/cards/Suits.js","statementMap":{"0":{"start":{"line":2,"column":21},"end":{"line":2,"column":61}}},"fnMap":{},"branchMap":{},"s":{"0":5},"f":{},"b":{},"_coverageSchema":"332fd63041d2c1bcb487cc26dd0d5f7d97098a6c","hash":"4bb7836ff2b9f9f386bab8936e54a395362509d4"}
,"/Users/j5/Code/deck-of-cards/src/cards/french-deck-names.js": {"path":"/Users/j5/Code/deck-of-cards/src/cards/french-deck-names.js","statementMap":{"0":{"start":{"line":1,"column":21},"end":{"line":16,"column":1}}},"fnMap":{},"branchMap":{},"s":{"0":5},"f":{},"b":{},"_coverageSchema":"332fd63041d2c1bcb487cc26dd0d5f7d97098a6c","hash":"ae385f2bde38d37c53c47537b638b6fadd8d4724"}
,"/Users/j5/Code/deck-of-cards/src/cards/french-deck-values.js": {"path":"/Users/j5/Code/deck-of-cards/src/cards/french-deck-values.js","statementMap":{"0":{"start":{"line":1,"column":22},"end":{"line":1,"column":84}}},"fnMap":{},"branchMap":{},"s":{"0":5},"f":{},"b":{},"_coverageSchema":"332fd63041d2c1bcb487cc26dd0d5f7d97098a6c","hash":"4f46e8267dfc98f2665f9faa0ebed96fda399d19"}
,"/Users/j5/Code/deck-of-cards/src/dealer/dealer.js": {"path":"/Users/j5/Code/deck-of-cards/src/dealer/dealer.js","statementMap":{"0":{"start":{"line":1,"column":17},"end":{"line":18,"column":1}},"1":{"start":{"line":2,"column":19},"end":{"line":2,"column":73}},"2":{"start":{"line":3,"column":17},"end":{"line":3,"column":19}},"3":{"start":{"line":5,"column":15},"end":{"line":7,"column":3}},"4":{"start":{"line":6,"column":4},"end":{"line":6,"column":33}},"5":{"start":{"line":9,"column":2},"end":{"line":11,"column":3}},"6":{"start":{"line":10,"column":4},"end":{"line":10,"column":18}},"7":{"start":{"line":13,"column":2},"end":{"line":15,"column":3}},"8":{"start":{"line":14,"column":4},"end":{"line":14,"column":24}},"9":{"start":{"line":17,"column":2},"end":{"line":17,"column":16}},"10":{"start":{"line":20,"column":17},"end":{"line":32,"column":1}},"11":{"start":{"line":21,"column":17},"end":{"line":21,"column":19}},"12":{"start":{"line":23,"column":2},"end":{"line":25,"column":3}},"13":{"start":{"line":24,"column":4},"end":{"line":24,"column":29}},"14":{"start":{"line":27,"column":2},"end":{"line":29,"column":3}},"15":{"start":{"line":28,"column":4},"end":{"line":28,"column":35}},"16":{"start":{"line":31,"column":2},"end":{"line":31,"column":16}},"17":{"start":{"line":34,"column":22},"end":{"line":63,"column":1}},"18":{"start":{"line":34,"column":32},"end":{"line":63,"column":1}},"19":{"start":{"line":44,"column":4},"end":{"line":50,"column":5}},"20":{"start":{"line":46,"column":6},"end":{"line":46,"column":48}},"21":{"start":{"line":49,"column":6},"end":{"line":49,"column":48}},"22":{"start":{"line":54,"column":4},"end":{"line":54,"column":27}},"23":{"start":{"line":55,"column":4},"end":{"line":55,"column":24}},"24":{"start":{"line":56,"column":4},"end":{"line":60,"column":6}},"25":{"start":{"line":58,"column":8},"end":{"line":58,"column":26}}},"fnMap":{"0":{"name":"(anonymous_0)","decl":{"start":{"line":1,"column":17},"end":{"line":1,"column":18}},"loc":{"start":{"line":1,"column":41},"end":{"line":18,"column":1}},"line":1},"1":{"name":"(anonymous_1)","decl":{"start":{"line":5,"column":15},"end":{"line":5,"column":16}},"loc":{"start":{"line":5,"column":21},"end":{"line":7,"column":3}},"line":5},"2":{"name":"(anonymous_2)","decl":{"start":{"line":20,"column":17},"end":{"line":20,"column":18}},"loc":{"start":{"line":20,"column":41},"end":{"line":32,"column":1}},"line":20},"3":{"name":"(anonymous_3)","decl":{"start":{"line":34,"column":22},"end":{"line":34,"column":23}},"loc":{"start":{"line":34,"column":32},"end":{"line":63,"column":1}},"line":34},"4":{"name":"(anonymous_4)","decl":{"start":{"line":43,"column":2},"end":{"line":43,"column":3}},"loc":{"start":{"line":43,"column":48},"end":{"line":51,"column":3}},"line":43},"5":{"name":"(anonymous_5)","decl":{"start":{"line":53,"column":2},"end":{"line":53,"column":3}},"loc":{"start":{"line":53,"column":11},"end":{"line":61,"column":3}},"line":53},"6":{"name":"(anonymous_6)","decl":{"start":{"line":57,"column":6},"end":{"line":57,"column":7}},"loc":{"start":{"line":57,"column":16},"end":{"line":59,"column":7}},"line":57}},"branchMap":{"0":{"loc":{"start":{"line":2,"column":19},"end":{"line":2,"column":73}},"type":"binary-expr","locations":[{"start":{"line":2,"column":19},"end":{"line":2,"column":34}},{"start":{"line":2,"column":39},"end":{"line":2,"column":72}}],"line":2},"1":{"loc":{"start":{"line":9,"column":2},"end":{"line":11,"column":3}},"type":"if","locations":[{"start":{"line":9,"column":2},"end":{"line":11,"column":3}},{"start":{"line":9,"column":2},"end":{"line":11,"column":3}}],"line":9},"2":{"loc":{"start":{"line":23,"column":2},"end":{"line":25,"column":3}},"type":"if","locations":[{"start":{"line":23,"column":2},"end":{"line":25,"column":3}},{"start":{"line":23,"column":2},"end":{"line":25,"column":3}}],"line":23},"3":{"loc":{"start":{"line":43,"column":8},"end":{"line":43,"column":46}},"type":"default-arg","locations":[{"start":{"line":43,"column":44},"end":{"line":43,"column":46}}],"line":43},"4":{"loc":{"start":{"line":43,"column":10},"end":{"line":43,"column":22}},"type":"default-arg","locations":[{"start":{"line":43,"column":21},"end":{"line":43,"column":22}}],"line":43},"5":{"loc":{"start":{"line":43,"column":24},"end":{"line":43,"column":39}},"type":"default-arg","locations":[{"start":{"line":43,"column":33},"end":{"line":43,"column":39}}],"line":43},"6":{"loc":{"start":{"line":44,"column":4},"end":{"line":50,"column":5}},"type":"switch","locations":[{"start":{"line":45,"column":4},"end":{"line":46,"column":48}},{"start":{"line":47,"column":4},"end":{"line":47,"column":16}},{"start":{"line":48,"column":4},"end":{"line":49,"column":48}}],"line":44}},"s":{"0":1,"1":56,"2":56,"3":56,"4":60,"5":56,"6":55,"7":1,"8":5,"9":1,"10":1,"11":55,"12":55,"13":54,"14":1,"15":5,"16":1,"17":1,"18":1,"19":111,"20":55,"21":56,"22":2,"23":2,"24":2,"25":104},"f":{"0":56,"1":60,"2":55,"3":1,"4":111,"5":2,"6":104},"b":{"0":[56,4],"1":[55,1],"2":[54,1],"3":[55],"4":[109],"5":[56],"6":[55,56,56]},"_coverageSchema":"332fd63041d2c1bcb487cc26dd0d5f7d97098a6c","hash":"87c57d02b273e65f223722400d222ee3eba12607"}
,"/Users/j5/Code/deck-of-cards/src/decks/DealableFrenchDeck.js": {"path":"/Users/j5/Code/deck-of-cards/src/decks/DealableFrenchDeck.js","statementMap":{},"fnMap":{},"branchMap":{},"s":{},"f":{},"b":{},"_coverageSchema":"332fd63041d2c1bcb487cc26dd0d5f7d97098a6c","hash":"29106b6b68c82b48279e208e8691bfe763c8e888"}
,"/Users/j5/Code/deck-of-cards/src/decks/FrenchDeck.js": {"path":"/Users/j5/Code/deck-of-cards/src/decks/FrenchDeck.js","statementMap":{"0":{"start":{"line":9,"column":4},"end":{"line":9,"column":12}},"1":{"start":{"line":11,"column":18},"end":{"line":11,"column":28}},"2":{"start":{"line":13,"column":4},"end":{"line":13,"column":32}},"3":{"start":{"line":15,"column":4},"end":{"line":30,"column":6}},"4":{"start":{"line":17,"column":8},"end":{"line":28,"column":10}},"5":{"start":{"line":22,"column":25},"end":{"line":24,"column":13}},"6":{"start":{"line":26,"column":12},"end":{"line":26,"column":28}},"7":{"start":{"line":32,"column":4},"end":{"line":32,"column":37}}},"fnMap":{"0":{"name":"(anonymous_0)","decl":{"start":{"line":8,"column":2},"end":{"line":8,"column":3}},"loc":{"start":{"line":8,"column":17},"end":{"line":33,"column":3}},"line":8},"1":{"name":"(anonymous_1)","decl":{"start":{"line":16,"column":6},"end":{"line":16,"column":7}},"loc":{"start":{"line":16,"column":27},"end":{"line":29,"column":7}},"line":16},"2":{"name":"(anonymous_2)","decl":{"start":{"line":18,"column":10},"end":{"line":18,"column":11}},"loc":{"start":{"line":18,"column":31},"end":{"line":27,"column":11}},"line":18}},"branchMap":{},"s":{"0":6,"1":6,"2":6,"3":6,"4":24,"5":312,"6":312,"7":6},"f":{"0":6,"1":24,"2":312},"b":{},"_coverageSchema":"332fd63041d2c1bcb487cc26dd0d5f7d97098a6c","hash":"1000c5b57291dac588fbbebd69585c574852adb0"}
,"/Users/j5/Code/deck-of-cards/src/decks/ShufflableFrenchDeck.js": {"path":"/Users/j5/Code/deck-of-cards/src/decks/ShufflableFrenchDeck.js","statementMap":{},"fnMap":{},"branchMap":{},"s":{},"f":{},"b":{},"_coverageSchema":"332fd63041d2c1bcb487cc26dd0d5f7d97098a6c","hash":"5ceedee8669938489849a79f8c8cdaecc5baa69a"}
,"/Users/j5/Code/deck-of-cards/src/shuffler/shuffler.js": {"path":"/Users/j5/Code/deck-of-cards/src/shuffler/shuffler.js","statementMap":{"0":{"start":{"line":3,"column":23},"end":{"line":7,"column":1}},"1":{"start":{"line":4,"column":2},"end":{"line":6,"column":4}},"2":{"start":{"line":5,"column":4},"end":{"line":5,"column":34}},"3":{"start":{"line":9,"column":24},"end":{"line":74,"column":1}},"4":{"start":{"line":9,"column":34},"end":{"line":74,"column":1}},"5":{"start":{"line":13,"column":23},"end":{"line":13,"column":25}},"6":{"start":{"line":14,"column":18},"end":{"line":14,"column":32}},"7":{"start":{"line":15,"column":23},"end":{"line":15,"column":58}},"8":{"start":{"line":20,"column":4},"end":{"line":32,"column":5}},"9":{"start":{"line":22,"column":6},"end":{"line":22,"column":35}},"10":{"start":{"line":24,"column":6},"end":{"line":24,"column":31}},"11":{"start":{"line":25,"column":6},"end":{"line":27,"column":7}},"12":{"start":{"line":26,"column":8},"end":{"line":26,"column":17}},"13":{"start":{"line":28,"column":6},"end":{"line":28,"column":51}},"14":{"start":{"line":29,"column":6},"end":{"line":29,"column":28}},"15":{"start":{"line":31,"column":6},"end":{"line":31,"column":32}},"16":{"start":{"line":35,"column":4},"end":{"line":35,"column":32}},"17":{"start":{"line":38,"column":4},"end":{"line":38,"column":41}},"18":{"start":{"line":40,"column":4},"end":{"line":40,"column":22}},"19":{"start":{"line":46,"column":6},"end":{"line":53,"column":9}},"20":{"start":{"line":50,"column":14},"end":{"line":50,"column":33}},"21":{"start":{"line":55,"column":23},"end":{"line":55,"column":60}},"22":{"start":{"line":56,"column":19},"end":{"line":56,"column":31}},"23":{"start":{"line":58,"column":4},"end":{"line":60,"column":5}},"24":{"start":{"line":59,"column":6},"end":{"line":59,"column":23}},"25":{"start":{"line":62,"column":17},"end":{"line":62,"column":47}},"26":{"start":{"line":64,"column":4},"end":{"line":64,"column":22}},"27":{"start":{"line":69,"column":4},"end":{"line":71,"column":5}},"28":{"start":{"line":70,"column":6},"end":{"line":70,"column":23}}},"fnMap":{"0":{"name":"(anonymous_0)","decl":{"start":{"line":3,"column":23},"end":{"line":3,"column":24}},"loc":{"start":{"line":3,"column":37},"end":{"line":7,"column":1}},"line":3},"1":{"name":"(anonymous_1)","decl":{"start":{"line":4,"column":9},"end":{"line":4,"column":10}},"loc":{"start":{"line":4,"column":15},"end":{"line":6,"column":3}},"line":4},"2":{"name":"(anonymous_2)","decl":{"start":{"line":9,"column":24},"end":{"line":9,"column":25}},"loc":{"start":{"line":9,"column":34},"end":{"line":74,"column":1}},"line":9},"3":{"name":"(anonymous_3)","decl":{"start":{"line":11,"column":2},"end":{"line":11,"column":3}},"loc":{"start":{"line":11,"column":15},"end":{"line":41,"column":3}},"line":11},"4":{"name":"(anonymous_4)","decl":{"start":{"line":43,"column":2},"end":{"line":43,"column":3}},"loc":{"start":{"line":43,"column":16},"end":{"line":66,"column":3}},"line":43},"5":{"name":"(anonymous_5)","decl":{"start":{"line":49,"column":12},"end":{"line":49,"column":13}},"loc":{"start":{"line":49,"column":22},"end":{"line":51,"column":13}},"line":49},"6":{"name":"(anonymous_6)","decl":{"start":{"line":68,"column":2},"end":{"line":68,"column":3}},"loc":{"start":{"line":68,"column":27},"end":{"line":72,"column":3}},"line":68}},"branchMap":{"0":{"loc":{"start":{"line":25,"column":6},"end":{"line":27,"column":7}},"type":"if","locations":[{"start":{"line":25,"column":6},"end":{"line":27,"column":7}},{"start":{"line":25,"column":6},"end":{"line":27,"column":7}}],"line":25},"1":{"loc":{"start":{"line":28,"column":25},"end":{"line":28,"column":45}},"type":"binary-expr","locations":[{"start":{"line":28,"column":25},"end":{"line":28,"column":40}},{"start":{"line":28,"column":44},"end":{"line":28,"column":45}}],"line":28},"2":{"loc":{"start":{"line":47,"column":9},"end":{"line":52,"column":11}},"type":"binary-expr","locations":[{"start":{"line":47,"column":9},"end":{"line":47,"column":21}},{"start":{"line":48,"column":10},"end":{"line":52,"column":11}}],"line":47},"3":{"loc":{"start":{"line":58,"column":4},"end":{"line":60,"column":5}},"type":"if","locations":[{"start":{"line":58,"column":4},"end":{"line":60,"column":5}},{"start":{"line":58,"column":4},"end":{"line":60,"column":5}}],"line":58}},"s":{"0":2,"1":68,"2":2108,"3":2,"4":2,"5":9,"6":9,"7":9,"8":9,"9":2049,"10":2049,"11":2049,"12":1581,"13":468,"14":468,"15":468,"16":9,"17":9,"18":9,"19":59,"20":156,"21":59,"22":59,"23":59,"24":1,"25":58,"26":58,"27":1,"28":7},"f":{"0":68,"1":2108,"2":2,"3":9,"4":59,"5":156,"6":1},"b":{"0":[1581,468],"1":[468,104],"2":[59,3],"3":[1,58]},"_coverageSchema":"332fd63041d2c1bcb487cc26dd0d5f7d97098a6c","hash":"f79e422970f9de11d4d946638b72c580e0c57fe4"}
,"/Users/j5/Code/deck-of-cards/src/util/Enum.js": {"path":"/Users/j5/Code/deck-of-cards/src/util/Enum.js","statementMap":{"0":{"start":{"line":1,"column":28},"end":{"line":11,"column":1}},"1":{"start":{"line":2,"column":2},"end":{"line":4,"column":3}},"2":{"start":{"line":3,"column":4},"end":{"line":3,"column":17}},"3":{"start":{"line":6,"column":2},"end":{"line":10,"column":4}},"4":{"start":{"line":13,"column":28},"end":{"line":32,"column":1}},"5":{"start":{"line":14,"column":2},"end":{"line":16,"column":3}},"6":{"start":{"line":15,"column":4},"end":{"line":15,"column":17}},"7":{"start":{"line":18,"column":2},"end":{"line":31,"column":4}},"8":{"start":{"line":44,"column":4},"end":{"line":55,"column":6}},"9":{"start":{"line":46,"column":8},"end":{"line":48,"column":9}},"10":{"start":{"line":47,"column":10},"end":{"line":47,"column":17}},"11":{"start":{"line":49,"column":8},"end":{"line":53,"column":10}},"12":{"start":{"line":58,"column":4},"end":{"line":103,"column":6}},"13":{"start":{"line":61,"column":21},"end":{"line":62,"column":45}},"14":{"start":{"line":64,"column":8},"end":{"line":66,"column":9}},"15":{"start":{"line":65,"column":10},"end":{"line":65,"column":22}},"16":{"start":{"line":90,"column":8},"end":{"line":90,"column":40}},"17":{"start":{"line":91,"column":8},"end":{"line":91,"column":37}},"18":{"start":{"line":92,"column":8},"end":{"line":92,"column":51}},"19":{"start":{"line":93,"column":8},"end":{"line":93,"column":51}},"20":{"start":{"line":95,"column":8},"end":{"line":95,"column":31}},"21":{"start":{"line":97,"column":8},"end":{"line":97,"column":20}},"22":{"start":{"line":101,"column":8},"end":{"line":101,"column":23}},"23":{"start":{"line":105,"column":4},"end":{"line":105,"column":39}}},"fnMap":{"0":{"name":"(anonymous_0)","decl":{"start":{"line":1,"column":28},"end":{"line":1,"column":29}},"loc":{"start":{"line":1,"column":48},"end":{"line":11,"column":1}},"line":1},"1":{"name":"(anonymous_1)","decl":{"start":{"line":13,"column":28},"end":{"line":13,"column":29}},"loc":{"start":{"line":13,"column":48},"end":{"line":32,"column":1}},"line":13},"2":{"name":"(anonymous_2)","decl":{"start":{"line":40,"column":2},"end":{"line":40,"column":3}},"loc":{"start":{"line":40,"column":28},"end":{"line":107,"column":3}},"line":40},"3":{"name":"(anonymous_3)","decl":{"start":{"line":45,"column":6},"end":{"line":45,"column":7}},"loc":{"start":{"line":45,"column":33},"end":{"line":54,"column":7}},"line":45},"4":{"name":"(anonymous_4)","decl":{"start":{"line":59,"column":6},"end":{"line":59,"column":7}},"loc":{"start":{"line":59,"column":26},"end":{"line":98,"column":7}},"line":59},"5":{"name":"(anonymous_5)","decl":{"start":{"line":100,"column":6},"end":{"line":100,"column":7}},"loc":{"start":{"line":100,"column":19},"end":{"line":102,"column":7}},"line":100}},"branchMap":{"0":{"loc":{"start":{"line":2,"column":2},"end":{"line":4,"column":3}},"type":"if","locations":[{"start":{"line":2,"column":2},"end":{"line":4,"column":3}},{"start":{"line":2,"column":2},"end":{"line":4,"column":3}}],"line":2},"1":{"loc":{"start":{"line":14,"column":2},"end":{"line":16,"column":3}},"type":"if","locations":[{"start":{"line":14,"column":2},"end":{"line":16,"column":3}},{"start":{"line":14,"column":2},"end":{"line":16,"column":3}}],"line":14},"2":{"loc":{"start":{"line":19,"column":13},"end":{"line":19,"column":35}},"type":"binary-expr","locations":[{"start":{"line":19,"column":13},"end":{"line":19,"column":26}},{"start":{"line":19,"column":30},"end":{"line":19,"column":35}}],"line":19},"3":{"loc":{"start":{"line":25,"column":15},"end":{"line":25,"column":37}},"type":"binary-expr","locations":[{"start":{"line":25,"column":15},"end":{"line":25,"column":28}},{"start":{"line":25,"column":32},"end":{"line":25,"column":37}}],"line":25},"4":{"loc":{"start":{"line":46,"column":8},"end":{"line":48,"column":9}},"type":"if","locations":[{"start":{"line":46,"column":8},"end":{"line":48,"column":9}},{"start":{"line":46,"column":8},"end":{"line":48,"column":9}}],"line":46},"5":{"loc":{"start":{"line":61,"column":21},"end":{"line":62,"column":45}},"type":"binary-expr","locations":[{"start":{"line":61,"column":21},"end":{"line":61,"column":56}},{"start":{"line":62,"column":10},"end":{"line":62,"column":45}}],"line":61},"6":{"loc":{"start":{"line":64,"column":8},"end":{"line":66,"column":9}},"type":"if","locations":[{"start":{"line":64,"column":8},"end":{"line":66,"column":9}},{"start":{"line":64,"column":8},"end":{"line":66,"column":9}}],"line":64}},"s":{"0":6,"1":31,"2":3,"3":28,"4":6,"5":3,"6":1,"7":2,"8":13,"9":13,"10":3,"11":10,"12":13,"13":31,"14":31,"15":1,"16":30,"17":30,"18":30,"19":30,"20":30,"21":30,"22":31,"23":13},"f":{"0":31,"1":3,"2":13,"3":13,"4":31,"5":31},"b":{"0":[3,28],"1":[1,2],"2":[2,1],"3":[2,1],"4":[3,10],"5":[31,3],"6":[1,30]},"_coverageSchema":"332fd63041d2c1bcb487cc26dd0d5f7d97098a6c","hash":"7c3edd08c7aadadf157b677050c1e7d3a6a26da4"}
,"/Users/j5/Code/deck-of-cards/src/util/random.js": {"path":"/Users/j5/Code/deck-of-cards/src/util/random.js","statementMap":{"0":{"start":{"line":3,"column":28},"end":{"line":16,"column":1}},"1":{"start":{"line":5,"column":20},"end":{"line":5,"column":37}},"2":{"start":{"line":7,"column":2},"end":{"line":7,"column":29}},"3":{"start":{"line":9,"column":16},"end":{"line":9,"column":29}},"4":{"start":{"line":10,"column":19},"end":{"line":10,"column":22}},"5":{"start":{"line":12,"column":2},"end":{"line":14,"column":3}},"6":{"start":{"line":13,"column":4},"end":{"line":13,"column":34}},"7":{"start":{"line":15,"column":2},"end":{"line":15,"column":38}}},"fnMap":{"0":{"name":"(anonymous_0)","decl":{"start":{"line":3,"column":28},"end":{"line":3,"column":29}},"loc":{"start":{"line":3,"column":42},"end":{"line":16,"column":1}},"line":3}},"branchMap":{"0":{"loc":{"start":{"line":12,"column":2},"end":{"line":14,"column":3}},"type":"if","locations":[{"start":{"line":12,"column":2},"end":{"line":14,"column":3}},{"start":{"line":12,"column":2},"end":{"line":14,"column":3}}],"line":12}},"s":{"0":2,"1":2555,"2":2555,"3":2555,"4":2555,"5":2555,"6":447,"7":2108},"f":{"0":2555},"b":{"0":[447,2108]},"_coverageSchema":"332fd63041d2c1bcb487cc26dd0d5f7d97098a6c","hash":"620302401275de1b47d32a436dffde18b26c8039"}
}
