TN:
SF:/Users/j5/Code/deck-of-cards/src/card-sets/BaseCardSet.js
FN:3,(anonymous_0)
FN:15,(anonymous_1)
FN:19,(anonymous_2)
FN:23,(anonymous_3)
FN:27,(anonymous_4)
FNF:5
FNH:5
FNDA:8,(anonymous_0)
FNDA:2,(anonymous_1)
FNDA:8,(anonymous_2)
FNDA:3,(anonymous_3)
FNDA:3,(anonymous_4)
DA:5,8
DA:6,1
DA:8,7
DA:11,8
DA:16,2
DA:20,8
DA:24,3
DA:28,3
LF:8
LH:8
BRDA:5,0,0,1
BRDA:5,0,1,7
BRF:2
BRH:2
end_of_record
TN:
SF:/Users/j5/Code/deck-of-cards/src/cards/BaseCard.js
FN:3,(anonymous_0)
FNF:1
FNH:1
FNDA:377,(anonymous_0)
DA:4,377
LF:1
LH:1
BRF:0
BRH:0
end_of_record
TN:
SF:/Users/j5/Code/deck-of-cards/src/cards/FrenchPlayingCard.js
FN:9,(anonymous_0)
FNF:1
FNH:1
FNDA:365,(anonymous_0)
DA:10,365
DA:12,365
DA:13,365
DA:14,365
DA:17,365
DA:21,365
LF:6
LH:6
BRF:0
BRH:0
end_of_record
TN:
SF:/Users/j5/Code/deck-of-cards/src/cards/Suits.js
FNF:0
FNH:0
DA:2,5
LF:1
LH:1
BRF:0
BRH:0
end_of_record
TN:
SF:/Users/j5/Code/deck-of-cards/src/cards/french-deck-names.js
FNF:0
FNH:0
DA:1,5
LF:1
LH:1
BRF:0
BRH:0
end_of_record
TN:
SF:/Users/j5/Code/deck-of-cards/src/cards/french-deck-values.js
FNF:0
FNH:0
DA:1,5
LF:1
LH:1
BRF:0
BRH:0
end_of_record
TN:
SF:/Users/j5/Code/deck-of-cards/src/dealer/dealer.js
FN:1,(anonymous_0)
FN:5,(anonymous_1)
FN:20,(anonymous_2)
FN:34,(anonymous_3)
FN:43,(anonymous_4)
FN:53,(anonymous_5)
FN:57,(anonymous_6)
FNF:7
FNH:7
FNDA:56,(anonymous_0)
FNDA:60,(anonymous_1)
FNDA:55,(anonymous_2)
FNDA:1,(anonymous_3)
FNDA:111,(anonymous_4)
FNDA:2,(anonymous_5)
FNDA:104,(anonymous_6)
DA:1,1
DA:2,56
DA:3,56
DA:5,56
DA:6,60
DA:9,56
DA:10,55
DA:13,1
DA:14,5
DA:17,1
DA:20,1
DA:21,55
DA:23,55
DA:24,54
DA:27,1
DA:28,5
DA:31,1
DA:34,1
DA:44,111
DA:46,55
DA:49,56
DA:54,2
DA:55,2
DA:56,2
DA:58,104
LF:25
LH:25
BRDA:2,0,0,56
BRDA:2,0,1,4
BRDA:9,1,0,55
BRDA:9,1,1,1
BRDA:23,2,0,54
BRDA:23,2,1,1
BRDA:43,3,0,55
BRDA:43,4,0,109
BRDA:43,5,0,56
BRDA:44,6,0,55
BRDA:44,6,1,56
BRDA:44,6,2,56
BRF:12
BRH:12
end_of_record
TN:
SF:/Users/j5/Code/deck-of-cards/src/decks/DealableFrenchDeck.js
FNF:0
FNH:0
LF:0
LH:0
BRF:0
BRH:0
end_of_record
TN:
SF:/Users/j5/Code/deck-of-cards/src/decks/FrenchDeck.js
FN:8,(anonymous_0)
FN:16,(anonymous_1)
FN:18,(anonymous_2)
FNF:3
FNH:3
FNDA:6,(anonymous_0)
FNDA:24,(anonymous_1)
FNDA:312,(anonymous_2)
DA:9,6
DA:11,6
DA:13,6
DA:15,6
DA:17,24
DA:19,312
DA:23,312
DA:29,6
LF:8
LH:8
BRF:0
BRH:0
end_of_record
TN:
SF:/Users/j5/Code/deck-of-cards/src/decks/ShufflableFrenchDeck.js
FNF:0
FNH:0
LF:0
LH:0
BRF:0
BRH:0
end_of_record
TN:
SF:/Users/j5/Code/deck-of-cards/src/shuffler/shuffler.js
FN:3,(anonymous_0)
FN:4,(anonymous_1)
FN:9,(anonymous_2)
FN:11,(anonymous_3)
FN:43,(anonymous_4)
FN:49,(anonymous_5)
FN:70,(anonymous_6)
FNF:7
FNH:7
FNDA:68,(anonymous_0)
FNDA:2234,(anonymous_1)
FNDA:2,(anonymous_2)
FNDA:9,(anonymous_3)
FNDA:59,(anonymous_4)
FNDA:156,(anonymous_5)
FNDA:1,(anonymous_6)
DA:3,2
DA:4,68
DA:5,2234
DA:9,2
DA:13,9
DA:14,9
DA:15,9
DA:20,9
DA:22,2175
DA:24,2175
DA:25,2175
DA:26,1707
DA:28,468
DA:29,468
DA:31,468
DA:35,9
DA:38,9
DA:40,9
DA:46,59
DA:50,156
DA:55,59
DA:56,59
DA:58,59
DA:59,1
DA:62,58
DA:64,58
DA:66,58
DA:71,1
DA:72,7
LF:29
LH:29
BRDA:25,0,0,1707
BRDA:25,0,1,468
BRDA:28,1,0,468
BRDA:28,1,1,104
BRDA:47,2,0,59
BRDA:47,2,1,3
BRDA:58,3,0,1
BRDA:58,3,1,58
BRF:8
BRH:8
end_of_record
TN:
SF:/Users/j5/Code/deck-of-cards/src/util/Enum.js
FN:1,(anonymous_0)
FN:13,(anonymous_1)
FN:40,(anonymous_2)
FN:45,(anonymous_3)
FN:59,(anonymous_4)
FN:100,(anonymous_5)
FNF:6
FNH:6
FNDA:31,(anonymous_0)
FNDA:3,(anonymous_1)
FNDA:13,(anonymous_2)
FNDA:13,(anonymous_3)
FNDA:31,(anonymous_4)
FNDA:31,(anonymous_5)
DA:1,6
DA:2,31
DA:3,3
DA:6,28
DA:13,6
DA:14,3
DA:15,1
DA:18,2
DA:44,13
DA:46,13
DA:47,3
DA:49,10
DA:58,13
DA:61,31
DA:64,31
DA:65,1
DA:90,30
DA:91,30
DA:92,30
DA:93,30
DA:95,30
DA:97,30
DA:101,31
DA:105,13
LF:24
LH:24
BRDA:2,0,0,3
BRDA:2,0,1,28
BRDA:14,1,0,1
BRDA:14,1,1,2
BRDA:19,2,0,2
BRDA:19,2,1,1
BRDA:25,3,0,2
BRDA:25,3,1,1
BRDA:46,4,0,3
BRDA:46,4,1,10
BRDA:61,5,0,31
BRDA:61,5,1,3
BRDA:64,6,0,1
BRDA:64,6,1,30
BRF:14
BRH:14
end_of_record
TN:
SF:/Users/j5/Code/deck-of-cards/src/util/random.js
FN:3,(anonymous_0)
FNF:1
FNH:1
FNDA:2733,(anonymous_0)
DA:3,2
DA:5,2733
DA:7,2733
DA:9,2733
DA:10,2733
DA:12,2733
DA:13,499
DA:15,2234
LF:8
LH:8
BRDA:12,0,0,499
BRDA:12,0,1,2234
BRF:2
BRH:2
end_of_record
